<?xml version="1.0" encoding="UTF-8"?>
<testng-results skipped="0" failed="0" ignored="0" total="1" passed="1">
  <reporter-output>
    <line>
      <![CDATA[Starting Test Case.]]>
    </line>
    <line>
      <![CDATA[Navigated to shohoz.com]]>
    </line>
    <line>
      <![CDATA[Navigated to Bus Search Page.]]>
    </line>
    <line>
      <![CDATA[Entered Starting From location.]]>
    </line>
    <line>
      <![CDATA[Entered destination location.]]>
    </line>
    <line>
      <![CDATA[Clicked on the search button]]>
    </line>
    <line>
      <![CDATA[Viewed available Seats.]]>
    </line>
    <line>
      <![CDATA[Seat Selected.]]>
    </line>
    <line>
      <![CDATA[Firefox Closed]]>
    </line>
  </reporter-output>
  <suite name="Default suite" duration-ms="46425" started-at="2020-07-24T17:53:41 BDT" finished-at="2020-07-24T17:54:28 BDT">
    <groups>
    </groups>
    <test name="Default test" duration-ms="46425" started-at="2020-07-24T17:53:41 BDT" finished-at="2020-07-24T17:54:28 BDT">
      <class name="com.ExamTask.SeatBookingSSwithPdf">
        <test-method status="PASS" signature="beforeClass()[pri:0, instance:com.ExamTask.SeatBookingSSwithPdf@1563da5]" name="beforeClass" is-config="true" duration-ms="13" started-at="2020-07-24T17:53:42 BDT" finished-at="2020-07-24T17:53:42 BDT">
          <reporter-output>
          </reporter-output>
        </test-method> <!-- beforeClass -->
        <test-method status="PASS" signature="beforeMethod()[pri:0, instance:com.ExamTask.SeatBookingSSwithPdf@1563da5]" name="beforeMethod" is-config="true" duration-ms="6106" started-at="2020-07-24T17:53:42 BDT" finished-at="2020-07-24T17:53:48 BDT">
          <reporter-output>
          </reporter-output>
        </test-method> <!-- beforeMethod -->
        <test-method status="PASS" signature="f()[pri:0, instance:com.ExamTask.SeatBookingSSwithPdf@1563da5]" name="f" duration-ms="26548" started-at="2020-07-24T17:53:48 BDT" finished-at="2020-07-24T17:54:14 BDT">
          <reporter-output>
            <line>
              <![CDATA[Starting Test Case.]]>
            </line>
            <line>
              <![CDATA[Navigated to shohoz.com]]>
            </line>
            <line>
              <![CDATA[Navigated to Bus Search Page.]]>
            </line>
            <line>
              <![CDATA[Entered Starting From location.]]>
            </line>
            <line>
              <![CDATA[Entered destination location.]]>
            </line>
            <line>
              <![CDATA[Clicked on the search button]]>
            </line>
            <line>
              <![CDATA[Viewed available Seats.]]>
            </line>
            <line>
              <![CDATA[Seat Selected.]]>
            </line>
          </reporter-output>
        </test-method> <!-- f -->
        <test-method status="PASS" signature="afterMethod()[pri:0, instance:com.ExamTask.SeatBookingSSwithPdf@1563da5]" name="afterMethod" is-config="true" duration-ms="13694" started-at="2020-07-24T17:54:14 BDT" finished-at="2020-07-24T17:54:28 BDT">
          <reporter-output>
          </reporter-output>
        </test-method> <!-- afterMethod -->
        <test-method status="PASS" signature="afterClass()[pri:0, instance:com.ExamTask.SeatBookingSSwithPdf@1563da5]" name="afterClass" is-config="true" duration-ms="1" started-at="2020-07-24T17:54:28 BDT" finished-at="2020-07-24T17:54:28 BDT">
          <reporter-output>
            <line>
              <![CDATA[Firefox Closed]]>
            </line>
          </reporter-output>
        </test-method> <!-- afterClass -->
      </class> <!-- com.ExamTask.SeatBookingSSwithPdf -->
    </test> <!-- Default test -->
  </suite> <!-- Default suite -->
</testng-results>
